"../../../Engine/Content/EditorResources/S_Actor.ubulk" 0
"../../../Engine/Content/EditorResources/S_Actor.uasset" 1
"../../../Engine/Content/EditorResources/S_Actor.uexp" 2
"../../../Engine/Content/EditorResources/S_BoxReflectionCapture.uasset" 3
"../../../Engine/Content/EditorResources/S_BoxReflectionCapture.uexp" 4
"../../../Engine/Content/EngineResources/DefaultTexture.ubulk" 5
"../../../Engine/Content/EngineResources/DefaultTexture.uasset" 6
"../../../Engine/Content/EngineResources/DefaultTexture.uexp" 7
"../../../Engine/Content/EngineResources/DefaultTextureCube.uasset" 8
"../../../Engine/Content/EngineResources/DefaultTextureCube.uexp" 9
"../../../Engine/Content/EngineResources/DefaultVolumeTexture2D.uasset" 10
"../../../Engine/Content/EngineResources/DefaultVolumeTexture2D.uexp" 11
"../../../Engine/Content/EngineResources/DefaultVolumeTexture.uasset" 12
"../../../Engine/Content/EngineResources/DefaultVolumeTexture.uexp" 13
"../../../Engine/Content/EditorResources/S_Trigger.ubulk" 14
"../../../Engine/Content/EditorResources/S_Trigger.uasset" 15
"../../../Engine/Content/EditorResources/S_Trigger.uexp" 16
"../../../Engine/Content/EditorResources/S_TriggerBox.uasset" 17
"../../../Engine/Content/EditorResources/S_TriggerBox.uexp" 18
"../../../Engine/Content/EditorResources/S_TriggerCapsule.uasset" 19
"../../../Engine/Content/EditorResources/S_TriggerCapsule.uexp" 20
"../../../Engine/Content/EditorResources/S_TriggerSphere.uasset" 21
"../../../Engine/Content/EditorResources/S_TriggerSphere.uexp" 22
"../../../Engine/Content/EngineMeshes/Sphere.ubulk" 23
"../../../Engine/Content/EngineMeshes/Sphere.uasset" 24
"../../../Engine/Content/EngineMeshes/Sphere.uexp" 25
"../../../Engine/Content/EngineResources/GradientTexture0.uasset" 26
"../../../Engine/Content/EngineResources/GradientTexture0.uexp" 27
"../../../Engine/Content/EngineResources/Black.uasset" 28
"../../../Engine/Content/EngineResources/Black.uexp" 29
"../../../Engine/Content/VREditor/LaserPointer/VR_LaserPower_01.ubulk" 30
"../../../Engine/Content/VREditor/LaserPointer/VR_LaserPower_01.uasset" 31
"../../../Engine/Content/VREditor/LaserPointer/VR_LaserPower_01.uexp" 32
"../../../Engine/Content/VREditor/TransformGizmo/TransformGizmoMaterial.uasset" 33
"../../../Engine/Content/VREditor/TransformGizmo/TransformGizmoMaterial.uexp" 34
"../../../Engine/Content/VREditor/TransformGizmo/TranslucentTransformGizmoMaterial.uasset" 35
"../../../Engine/Content/VREditor/TransformGizmo/TranslucentTransformGizmoMaterial.uexp" 36
"../../../Engine/Content/VREditor/TransformGizmo/PlaneTranslationHandle.ubulk" 37
"../../../Engine/Content/VREditor/TransformGizmo/PlaneTranslationHandle.uasset" 38
"../../../Engine/Content/VREditor/TransformGizmo/PlaneTranslationHandle.uexp" 39
"../../../Engine/Content/VREditor/TransformGizmo/BoundingBoxCorner.ubulk" 40
"../../../Engine/Content/VREditor/TransformGizmo/BoundingBoxCorner.uasset" 41
"../../../Engine/Content/VREditor/TransformGizmo/BoundingBoxCorner.uexp" 42
"../../../Engine/Content/VREditor/TransformGizmo/BoundingBoxEdge.ubulk" 43
"../../../Engine/Content/VREditor/TransformGizmo/BoundingBoxEdge.uasset" 44
"../../../Engine/Content/VREditor/TransformGizmo/BoundingBoxEdge.uexp" 45
"../../../Engine/Content/VREditor/TransformGizmo/Main.uasset" 46
"../../../Engine/Content/VREditor/TransformGizmo/Main.uexp" 47
"../../../Engine/Content/VREditor/TransformGizmo/Xray.uasset" 48
"../../../Engine/Content/VREditor/TransformGizmo/Xray.uexp" 49
"../../../Engine/Content/VREditor/TransformGizmo/SM_Sequencer_Node.ubulk" 50
"../../../Engine/Content/VREditor/TransformGizmo/SM_Sequencer_Node.uasset" 51
"../../../Engine/Content/VREditor/TransformGizmo/SM_Sequencer_Node.uexp" 52
"../../../Engine/Content/EditorMaterials/Camera/CineMat.uasset" 53
"../../../Engine/Content/EditorMaterials/Camera/CineMat.uexp" 54
"../../../Engine/Content/EditorMaterials/Camera/MI_CineMat_Rig.uasset" 55
"../../../Engine/Content/EditorMaterials/Camera/MI_CineMat_Rig.uexp" 56
"../../../Engine/Content/EditorMeshes/Camera/SM_CraneRig_Base.ubulk" 57
"../../../Engine/Content/EditorMeshes/Camera/SM_CraneRig_Base.uasset" 58
"../../../Engine/Content/EditorMeshes/Camera/SM_CraneRig_Base.uexp" 59
"../../../Engine/Content/EditorMeshes/Camera/SM_CraneRig_Arm.ubulk" 60
"../../../Engine/Content/EditorMeshes/Camera/SM_CraneRig_Arm.uasset" 61
"../../../Engine/Content/EditorMeshes/Camera/SM_CraneRig_Arm.uexp" 62
"../../../Engine/Content/EditorMeshes/Camera/SM_CraneRig_Mount.ubulk" 63
"../../../Engine/Content/EditorMeshes/Camera/SM_CraneRig_Mount.uasset" 64
"../../../Engine/Content/EditorMeshes/Camera/SM_CraneRig_Mount.uexp" 65
"../../../Engine/Content/EditorMeshes/Camera/SM_CraneRig_Body.ubulk" 66
"../../../Engine/Content/EditorMeshes/Camera/SM_CraneRig_Body.uasset" 67
"../../../Engine/Content/EditorMeshes/Camera/SM_CraneRig_Body.uexp" 68
"../../../Engine/Content/EditorMeshes/Camera/SM_RailRig_Track.ubulk" 69
"../../../Engine/Content/EditorMeshes/Camera/SM_RailRig_Track.uasset" 70
"../../../Engine/Content/EditorMeshes/Camera/SM_RailRig_Track.uexp" 71
"../../../Engine/Content/EditorMeshes/Camera/SM_RailRig_Mount.ubulk" 72
"../../../Engine/Content/EditorMeshes/Camera/SM_RailRig_Mount.uasset" 73
"../../../Engine/Content/EditorMeshes/Camera/SM_RailRig_Mount.uexp" 74
"../../../Engine/Content/EngineMaterials/T_Default_Material_Grid_M.ubulk" 75
"../../../Engine/Content/EngineMaterials/T_Default_Material_Grid_M.uasset" 76
"../../../Engine/Content/EngineMaterials/T_Default_Material_Grid_M.uexp" 77
"../../../Engine/Content/EngineMaterials/T_Default_Material_Grid_N.ubulk" 78
"../../../Engine/Content/EngineMaterials/T_Default_Material_Grid_N.uasset" 79
"../../../Engine/Content/EngineMaterials/T_Default_Material_Grid_N.uexp" 80
"../../../Engine/Content/Functions/Engine_MaterialFunctions01/Opacity/CameraDepthFade.uasset" 81
"../../../Engine/Content/Functions/Engine_MaterialFunctions01/Opacity/CameraDepthFade.uexp" 82
"../../../Engine/Content/EngineMaterials/WorldGridMaterial.uasset" 83
"../../../Engine/Content/EngineMaterials/WorldGridMaterial.uexp" 84
"../../../Engine/Content/ArtTools/RenderToTexture/Meshes/S_1_Unit_Plane.ubulk" 85
"../../../Engine/Content/ArtTools/RenderToTexture/Meshes/S_1_Unit_Plane.uasset" 86
"../../../Engine/Content/ArtTools/RenderToTexture/Meshes/S_1_Unit_Plane.uexp" 87
"../../../Engine/Content/EditorMaterials/ParticleSystems/PSysThumbnail_NoImage.ubulk" 88
"../../../Engine/Content/EditorMaterials/ParticleSystems/PSysThumbnail_NoImage.uasset" 89
"../../../Engine/Content/EditorMaterials/ParticleSystems/PSysThumbnail_NoImage.uexp" 90
"../../../Engine/Content/EditorMaterials/ParticleSystems/PSysThumbnail_OOD.ubulk" 91
"../../../Engine/Content/EditorMaterials/ParticleSystems/PSysThumbnail_OOD.uasset" 92
"../../../Engine/Content/EditorMaterials/ParticleSystems/PSysThumbnail_OOD.uexp" 93
"../../../Engine/Content/EditorLandscapeResources/SplineEditorMeshMat.uasset" 94
"../../../Engine/Content/EditorLandscapeResources/SplineEditorMeshMat.uexp" 95
"../../../Engine/Content/EditorLandscapeResources/SplineEditorMesh.ubulk" 96
"../../../Engine/Content/EditorLandscapeResources/SplineEditorMesh.uasset" 97
"../../../Engine/Content/EditorLandscapeResources/SplineEditorMesh.uexp" 98
"../../../Engine/Content/EditorResources/S_Solver.ubulk" 99
"../../../Engine/Content/EditorResources/S_Solver.uasset" 100
"../../../Engine/Content/EditorResources/S_Solver.uexp" 101
"../../../Engine/Plugins/Media/MediaPlate/Content/SM_MediaPlateScreen.ubulk" 102
"../../../Engine/Plugins/Media/MediaPlate/Content/SM_MediaPlateScreen.uasset" 103
"../../../Engine/Plugins/Media/MediaPlate/Content/SM_MediaPlateScreen.uexp" 104
"../../../Engine/Content/EngineMaterials/Good64x64TilingNoiseHighFreq.uasset" 105
"../../../Engine/Content/EngineMaterials/Good64x64TilingNoiseHighFreq.uexp" 106
"../../../Engine/Content/EngineMaterials/DefaultBokeh.uasset" 107
"../../../Engine/Content/EngineMaterials/DefaultBokeh.uexp" 108
"../../../Engine/Content/EngineMaterials/PreintegratedSkinBRDF.uasset" 109
"../../../Engine/Content/EngineMaterials/PreintegratedSkinBRDF.uexp" 110
"../../../Engine/Content/EngineMaterials/MiniFont.uasset" 111
"../../../Engine/Content/EngineMaterials/MiniFont.uexp" 112
"../../../Engine/Content/EngineMaterials/WeightMapPlaceholderTexture.uasset" 113
"../../../Engine/Content/EngineMaterials/WeightMapPlaceholderTexture.uexp" 114
"../../../Engine/Content/EngineMaterials/DefaultWhiteGrid.ubulk" 115
"../../../Engine/Content/EngineMaterials/DefaultWhiteGrid.uasset" 116
"../../../Engine/Content/EngineMaterials/DefaultWhiteGrid.uexp" 117
"../../../Engine/Plugins/2D/Paper2D/Content/PlaceholderTextures/DummySpriteTexture.ubulk" 118
"../../../Engine/Plugins/2D/Paper2D/Content/PlaceholderTextures/DummySpriteTexture.uasset" 119
"../../../Engine/Plugins/2D/Paper2D/Content/PlaceholderTextures/DummySpriteTexture.uexp" 120
"../../../Engine/Plugins/2D/Paper2D/Content/DefaultSpriteMaterial.uasset" 121
"../../../Engine/Plugins/2D/Paper2D/Content/DefaultSpriteMaterial.uexp" 122
"../../../Engine/Plugins/2D/Paper2D/Content/OpaqueUnlitSpriteMaterial.uasset" 123
"../../../Engine/Plugins/2D/Paper2D/Content/OpaqueUnlitSpriteMaterial.uexp" 124
"../../../Engine/Plugins/2D/Paper2D/Content/MaskedUnlitSpriteMaterial.uasset" 125
"../../../Engine/Plugins/2D/Paper2D/Content/MaskedUnlitSpriteMaterial.uexp" 126
"../../../Engine/Plugins/2D/Paper2D/Content/DummySprite.uasset" 127
"../../../Engine/Plugins/2D/Paper2D/Content/DummySprite.uexp" 128
"../../../Engine/Plugins/2D/Paper2D/Content/DefaultPaperTerrainMaterial.uasset" 129
"../../../Engine/Plugins/2D/Paper2D/Content/DefaultPaperTerrainMaterial.uexp" 130
"../../../Engine/Content/Functions/Engine_MaterialFunctions02/WorldPositionOffset/CameraOffset.uasset" 131
"../../../Engine/Content/Functions/Engine_MaterialFunctions02/WorldPositionOffset/CameraOffset.uexp" 132
"../../../Engine/Plugins/Animation/ControlRig/Content/M_Manip.uasset" 133
"../../../Engine/Plugins/Animation/ControlRig/Content/M_Manip.uexp" 134
"D:/Unreal/Arcanoid/Content/Untitled_HLOD0_Instancing_2.uasset" 135
"D:/Unreal/Arcanoid/Content/Untitled_HLOD0_Instancing_2.uexp" 136
"../../../Engine/Content/Animation/DefaultRecorderBoneCompression.uasset" 137
"../../../Engine/Content/Animation/DefaultRecorderBoneCompression.uexp" 138
"../../../Engine/Content/Animation/DefaultAnimCurveCompressionSettings.uasset" 139
"../../../Engine/Content/Animation/DefaultAnimCurveCompressionSettings.uexp" 140
"../../../Engine/Content/Animation/DefaultAnimBoneCompressionSettings.uasset" 141
"../../../Engine/Content/Animation/DefaultAnimBoneCompressionSettings.uexp" 142
"../../../Engine/Plugins/Editor/SpeedTreeImporter/Content/SpeedTree9/game_wind_noise.ubulk" 143
"../../../Engine/Plugins/Editor/SpeedTreeImporter/Content/SpeedTree9/game_wind_noise.uasset" 144
"../../../Engine/Plugins/Editor/SpeedTreeImporter/Content/SpeedTree9/game_wind_noise.uexp" 145
"../../../Engine/Plugins/Editor/SpeedTreeImporter/Content/SpeedTree9/UnpackDirection.uasset" 146
"../../../Engine/Plugins/Editor/SpeedTreeImporter/Content/SpeedTree9/UnpackDirection.uexp" 147
"../../../Engine/Content/Functions/Engine_MaterialFunctions02/ObjectLocalBounds.uasset" 148
"../../../Engine/Content/Functions/Engine_MaterialFunctions02/ObjectLocalBounds.uexp" 149
"../../../Engine/Content/Functions/Engine_MaterialFunctions02/Utility/BreakOutFloat3Components.uasset" 150
"../../../Engine/Content/Functions/Engine_MaterialFunctions02/Utility/BreakOutFloat3Components.uexp" 151
"../../../Engine/Content/Functions/Engine_MaterialFunctions02/UVs/BoundingBoxBased_0-1_UVW.uasset" 152
"../../../Engine/Content/Functions/Engine_MaterialFunctions02/UVs/BoundingBoxBased_0-1_UVW.uexp" 153
"../../../Engine/Content/Functions/Engine_MaterialFunctions02/Utility/VectorLength.uasset" 154
"../../../Engine/Content/Functions/Engine_MaterialFunctions02/Utility/VectorLength.uexp" 155
"../../../Engine/Plugins/Editor/SpeedTreeImporter/Content/SpeedTree9/UnpackInteger3.uasset" 156
"../../../Engine/Plugins/Editor/SpeedTreeImporter/Content/SpeedTree9/UnpackInteger3.uexp" 157
"../../../Engine/Plugins/Editor/SpeedTreeImporter/Content/SpeedTree9/SpeedTreeCameraFacing.uasset" 158
"../../../Engine/Plugins/Editor/SpeedTreeImporter/Content/SpeedTree9/SpeedTreeCameraFacing.uexp" 159
"../../../Engine/Content/Functions/Engine_MaterialFunctions02/WorldPositionOffset/ObjectScale.uasset" 160
"../../../Engine/Content/Functions/Engine_MaterialFunctions02/WorldPositionOffset/ObjectScale.uexp" 161
"../../../Engine/Content/Functions/Engine_MaterialFunctions02/SafeNormalize.uasset" 162
"../../../Engine/Content/Functions/Engine_MaterialFunctions02/SafeNormalize.uexp" 163
"../../../Engine/Plugins/Editor/SpeedTreeImporter/Content/SpeedTree9/SpeedTreeWindMotion.uasset" 164
"../../../Engine/Plugins/Editor/SpeedTreeImporter/Content/SpeedTree9/SpeedTreeWindMotion.uexp" 165
"../../../Engine/Plugins/Editor/SpeedTreeImporter/Content/SpeedTree9/SpeedTreeBranchMotion.uasset" 166
"../../../Engine/Plugins/Editor/SpeedTreeImporter/Content/SpeedTree9/SpeedTreeBranchMotion.uexp" 167
"../../../Engine/Plugins/Editor/SpeedTreeImporter/Content/SpeedTree9/SpeedTreeWind.uasset" 168
"../../../Engine/Plugins/Editor/SpeedTreeImporter/Content/SpeedTree9/SpeedTreeWind.uexp" 169
"../../../Engine/Plugins/Editor/SpeedTreeImporter/Content/SpeedTree9/EmptyNormal.uasset" 170
"../../../Engine/Plugins/Editor/SpeedTreeImporter/Content/SpeedTree9/EmptyNormal.uexp" 171
"../../../Engine/Plugins/Editor/SpeedTreeImporter/Content/SpeedTree9/Empty.uasset" 172
"../../../Engine/Plugins/Editor/SpeedTreeImporter/Content/SpeedTree9/Empty.uexp" 173
"../../../Engine/Plugins/Editor/SpeedTreeImporter/Content/SpeedTree9/SpeedTreeMaster.uasset" 174
"../../../Engine/Plugins/Editor/SpeedTreeImporter/Content/SpeedTree9/SpeedTreeMaster.uexp" 175
"../../../Engine/Plugins/Editor/SpeedTreeImporter/Content/SpeedTree9/SpeedTreeBillboard.uasset" 176
"../../../Engine/Plugins/Editor/SpeedTreeImporter/Content/SpeedTree9/SpeedTreeBillboard.uexp" 177
"../../../Engine/Plugins/Editor/SpeedTreeImporter/Content/SpeedTree9/SpeedTreeBillboardMaster.uasset" 178
"../../../Engine/Plugins/Editor/SpeedTreeImporter/Content/SpeedTree9/SpeedTreeBillboardMaster.uexp" 179
"../../../Engine/Plugins/Interchange/Runtime/Content/Pipelines/DefaultTexturePipeline.uasset" 180
"../../../Engine/Plugins/Interchange/Runtime/Content/Pipelines/DefaultTexturePipeline.uexp" 181
"../../../Engine/Plugins/Interchange/Runtime/Content/Pipelines/DefaultSceneLevelPipeline.uasset" 182
"../../../Engine/Plugins/Interchange/Runtime/Content/Pipelines/DefaultSceneLevelPipeline.uexp" 183
"../../../Engine/Plugins/Interchange/Runtime/Content/Pipelines/DefaultSceneAssetsPipeline.uasset" 184
"../../../Engine/Plugins/Interchange/Runtime/Content/Pipelines/DefaultSceneAssetsPipeline.uexp" 185
"../../../Engine/Plugins/Interchange/Runtime/Content/Pipelines/DefaultMaterialPipeline.uasset" 186
"../../../Engine/Plugins/Interchange/Runtime/Content/Pipelines/DefaultMaterialPipeline.uexp" 187
"../../../Engine/Plugins/Interchange/Runtime/Content/Pipelines/DefaultAssetsPipeline.uasset" 188
"../../../Engine/Plugins/Interchange/Runtime/Content/Pipelines/DefaultAssetsPipeline.uexp" 189
"../../../Engine/Content/BasicShapes/Cube.ubulk" 190
"../../../Engine/Content/BasicShapes/Cube.uasset" 191
"../../../Engine/Content/BasicShapes/Cube.uexp" 192
"../../../Engine/Content/BasicShapes/BasicShapeMaterial.uasset" 193
"../../../Engine/Content/BasicShapes/BasicShapeMaterial.uexp" 194
"D:/Unreal/Arcanoid/Content/NewFolder/BP_Bonus.uasset" 195
"D:/Unreal/Arcanoid/Content/NewFolder/BP_Bonus.uexp" 196
"../../../Engine/Content/EngineMaterials/DefaultMaterial.uasset" 197
"../../../Engine/Content/EngineMaterials/DefaultMaterial.uexp" 198
"../../../Engine/Content/BasicShapes/Sphere.ubulk" 199
"../../../Engine/Content/BasicShapes/Sphere.uasset" 200
"../../../Engine/Content/BasicShapes/Sphere.uexp" 201
"D:/Unreal/Arcanoid/Content/NewFolder/BP_Ball.uasset" 202
"D:/Unreal/Arcanoid/Content/NewFolder/BP_Ball.uexp" 203
"D:/Unreal/Arcanoid/Content/NewFolder/BP_Pawn.uasset" 204
"D:/Unreal/Arcanoid/Content/NewFolder/BP_Pawn.uexp" 205
"D:/Unreal/Arcanoid/Content/NewFolder/NewWidgetBlueprint.uasset" 206
"D:/Unreal/Arcanoid/Content/NewFolder/NewWidgetBlueprint.uexp" 207
"D:/Unreal/Arcanoid/Content/NewFolder/MyArcanoidGameModeBase.uasset" 208
"D:/Unreal/Arcanoid/Content/NewFolder/MyArcanoidGameModeBase.uexp" 209
"D:/Unreal/Arcanoid/Content/NewFolder/BP_Dist.uasset" 210
"D:/Unreal/Arcanoid/Content/NewFolder/BP_Dist.uexp" 211
"D:/Unreal/Arcanoid/Content/Content/Materials/M_AssetPlatform.uasset" 212
"D:/Unreal/Arcanoid/Content/Content/Materials/M_AssetPlatform.uexp" 213
"D:/Unreal/Arcanoid/Content/Content/Meshes/Shape_Cube.ubulk" 214
"D:/Unreal/Arcanoid/Content/Content/Meshes/Shape_Cube.uasset" 215
"D:/Unreal/Arcanoid/Content/Content/Meshes/Shape_Cube.uexp" 216
"../../../Engine/Content/Functions/Engine_MaterialFunctions02/Utility/BlendAngleCorrectedNormals.uasset" 217
"../../../Engine/Content/Functions/Engine_MaterialFunctions02/Utility/BlendAngleCorrectedNormals.uexp" 218
"D:/Unreal/Arcanoid/Content/Content/Textures/T_Tech_Hex_Tile_M.ubulk" 219
"D:/Unreal/Arcanoid/Content/Content/Textures/T_Tech_Hex_Tile_M.uasset" 220
"D:/Unreal/Arcanoid/Content/Content/Textures/T_Tech_Hex_Tile_M.uexp" 221
"D:/Unreal/Arcanoid/Content/Content/Textures/T_Tech_Hex_Tile_N.ubulk" 222
"D:/Unreal/Arcanoid/Content/Content/Textures/T_Tech_Hex_Tile_N.uasset" 223
"D:/Unreal/Arcanoid/Content/Content/Textures/T_Tech_Hex_Tile_N.uexp" 224
"D:/Unreal/Arcanoid/Content/Content/Materials/M_Tech_Hex_Tile.uasset" 225
"D:/Unreal/Arcanoid/Content/Content/Materials/M_Tech_Hex_Tile.uexp" 226
"D:/Unreal/Arcanoid/Content/Content/Textures/T_Smoke_Tiled_D.ubulk" 227
"D:/Unreal/Arcanoid/Content/Content/Textures/T_Smoke_Tiled_D.uasset" 228
"D:/Unreal/Arcanoid/Content/Content/Textures/T_Smoke_Tiled_D.uexp" 229
"D:/Unreal/Arcanoid/Content/Content/Textures/T_Smoke_SubUV.ubulk" 230
"D:/Unreal/Arcanoid/Content/Content/Textures/T_Smoke_SubUV.uasset" 231
"D:/Unreal/Arcanoid/Content/Content/Textures/T_Smoke_SubUV.uexp" 232
"D:/Unreal/Arcanoid/Content/Content/Particles/Materials/M_smoke_subUV.uasset" 233
"D:/Unreal/Arcanoid/Content/Content/Particles/Materials/M_smoke_subUV.uexp" 234
"../../../Engine/Content/Functions/Engine_MaterialFunctions01/Gradient/RadialGradient.uasset" 235
"../../../Engine/Content/Functions/Engine_MaterialFunctions01/Gradient/RadialGradient.uexp" 236
"D:/Unreal/Arcanoid/Content/Content/Particles/Materials/M_Radial_Gradient.uasset" 237
"D:/Unreal/Arcanoid/Content/Content/Particles/Materials/M_Radial_Gradient.uexp" 238
"D:/Unreal/Arcanoid/Content/Content/Textures/T_Spark_Core.ubulk" 239
"D:/Unreal/Arcanoid/Content/Content/Textures/T_Spark_Core.uasset" 240
"D:/Unreal/Arcanoid/Content/Content/Textures/T_Spark_Core.uexp" 241
"D:/Unreal/Arcanoid/Content/Content/Particles/Materials/M_Spark.uasset" 242
"D:/Unreal/Arcanoid/Content/Content/Particles/Materials/M_Spark.uexp" 243
"D:/Unreal/Arcanoid/Content/Content/Particles/P_Sparks.uasset" 244
"D:/Unreal/Arcanoid/Content/Content/Particles/P_Sparks.uexp" 245
"../../../Engine/Content/EditorBlueprintResources/StandardMacros.uasset" 246
"../../../Engine/Content/EditorBlueprintResources/StandardMacros.uexp" 247
"D:/Unreal/Arcanoid/Content/Content/Textures/T_MacroVariation.uasset" 248
"D:/Unreal/Arcanoid/Content/Content/Textures/T_MacroVariation.uexp" 249
"D:/Unreal/Arcanoid/Content/Content/Materials/M_Tech_Hex_Tile_Pulse.uasset" 250
"D:/Unreal/Arcanoid/Content/Content/Materials/M_Tech_Hex_Tile_Pulse.uexp" 251
"D:/Unreal/Arcanoid/Content/NewFolder/BP_Blocks.uasset" 252
"D:/Unreal/Arcanoid/Content/NewFolder/BP_Blocks.uexp" 253
"../../../Engine/Plugins/Runtime/MeshModelingToolset/Content/Materials/M_DynamicMeshComponentVtxColor.uasset" 254
"../../../Engine/Plugins/Runtime/MeshModelingToolset/Content/Materials/M_DynamicMeshComponentVtxColor.uexp" 255
"../../../Engine/Plugins/Animation/ControlRig/Content/Controls/DefaultGizmoLibraryNormalized.uasset" 256
"../../../Engine/Plugins/Animation/ControlRig/Content/Controls/DefaultGizmoLibraryNormalized.uexp" 257
"../../../Engine/Plugins/Animation/ControlRig/Content/Controls/ControlRig_Wedge_solid.ubulk" 258
"../../../Engine/Plugins/Animation/ControlRig/Content/Controls/ControlRig_Wedge_solid.uasset" 259
"../../../Engine/Plugins/Animation/ControlRig/Content/Controls/ControlRig_Wedge_solid.uexp" 260
"../../../Engine/Plugins/Animation/ControlRig/Content/Controls/ControlRig_Wedge_3mm.ubulk" 261
"../../../Engine/Plugins/Animation/ControlRig/Content/Controls/ControlRig_Wedge_3mm.uasset" 262
"../../../Engine/Plugins/Animation/ControlRig/Content/Controls/ControlRig_Wedge_3mm.uexp" 263
"../../../Engine/Plugins/Animation/ControlRig/Content/Controls/ControlRig_Wedge_1mm.ubulk" 264
"../../../Engine/Plugins/Animation/ControlRig/Content/Controls/ControlRig_Wedge_1mm.uasset" 265
"../../../Engine/Plugins/Animation/ControlRig/Content/Controls/ControlRig_Wedge_1mm.uexp" 266
"../../../Engine/Plugins/Animation/ControlRig/Content/Controls/ControlRig_Triangle_solid.ubulk" 267
"../../../Engine/Plugins/Animation/ControlRig/Content/Controls/ControlRig_Triangle_solid.uasset" 268
"../../../Engine/Plugins/Animation/ControlRig/Content/Controls/ControlRig_Triangle_solid.uexp" 269
"../../../Engine/Plugins/Animation/ControlRig/Content/Controls/ControlRig_Triangle_3mm.ubulk" 270
"../../../Engine/Plugins/Animation/ControlRig/Content/Controls/ControlRig_Triangle_3mm.uasset" 271
"../../../Engine/Plugins/Animation/ControlRig/Content/Controls/ControlRig_Triangle_3mm.uexp" 272
"../../../Engine/Plugins/Animation/ControlRig/Content/Controls/ControlRig_Triangle_1mm.ubulk" 273
"../../../Engine/Plugins/Animation/ControlRig/Content/Controls/ControlRig_Triangle_1mm.uasset" 274
"../../../Engine/Plugins/Animation/ControlRig/Content/Controls/ControlRig_Triangle_1mm.uexp" 275
"../../../Engine/Plugins/Animation/ControlRig/Content/Controls/ControlRig_Star4_solid.ubulk" 276
"../../../Engine/Plugins/Animation/ControlRig/Content/Controls/ControlRig_Star4_solid.uasset" 277
"../../../Engine/Plugins/Animation/ControlRig/Content/Controls/ControlRig_Star4_solid.uexp" 278
"../../../Engine/Plugins/Animation/ControlRig/Content/Controls/ControlRig_Star4_3mm.ubulk" 279
"../../../Engine/Plugins/Animation/ControlRig/Content/Controls/ControlRig_Star4_3mm.uasset" 280
"../../../Engine/Plugins/Animation/ControlRig/Content/Controls/ControlRig_Star4_3mm.uexp" 281
"../../../Engine/Plugins/Animation/ControlRig/Content/Controls/ControlRig_Star4_1mm.ubulk" 282
"../../../Engine/Plugins/Animation/ControlRig/Content/Controls/ControlRig_Star4_1mm.uasset" 283
"../../../Engine/Plugins/Animation/ControlRig/Content/Controls/ControlRig_Star4_1mm.uexp" 284
"../../../Engine/Plugins/Animation/ControlRig/Content/Controls/ControlRig_Square_solid.ubulk" 285
"../../../Engine/Plugins/Animation/ControlRig/Content/Controls/ControlRig_Square_solid.uasset" 286
"../../../Engine/Plugins/Animation/ControlRig/Content/Controls/ControlRig_Square_solid.uexp" 287
"../../../Engine/Plugins/Animation/ControlRig/Content/Controls/ControlRig_Square_3mm.ubulk" 288
"../../../Engine/Plugins/Animation/ControlRig/Content/Controls/ControlRig_Square_3mm.uasset" 289
"../../../Engine/Plugins/Animation/ControlRig/Content/Controls/ControlRig_Square_3mm.uexp" 290
"../../../Engine/Plugins/Animation/ControlRig/Content/Controls/ControlRig_Square_1mm.ubulk" 291
"../../../Engine/Plugins/Animation/ControlRig/Content/Controls/ControlRig_Square_1mm.uasset" 292
"../../../Engine/Plugins/Animation/ControlRig/Content/Controls/ControlRig_Square_1mm.uexp" 293
"../../../Engine/Plugins/Animation/ControlRig/Content/Controls/ControlRig_Sphere_solid.ubulk" 294
"../../../Engine/Plugins/Animation/ControlRig/Content/Controls/ControlRig_Sphere_solid.uasset" 295
"../../../Engine/Plugins/Animation/ControlRig/Content/Controls/ControlRig_Sphere_solid.uexp" 296
"../../../Engine/Plugins/Animation/ControlRig/Content/Controls/ControlRig_Sphere_3mm.ubulk" 297
"../../../Engine/Plugins/Animation/ControlRig/Content/Controls/ControlRig_Sphere_3mm.uasset" 298
"../../../Engine/Plugins/Animation/ControlRig/Content/Controls/ControlRig_Sphere_3mm.uexp" 299
"../../../Engine/Plugins/Animation/ControlRig/Content/Controls/ControlRig_Sphere_1mm.ubulk" 300
"../../../Engine/Plugins/Animation/ControlRig/Content/Controls/ControlRig_Sphere_1mm.uasset" 301
"../../../Engine/Plugins/Animation/ControlRig/Content/Controls/ControlRig_Sphere_1mm.uexp" 302
"../../../Engine/Plugins/Animation/ControlRig/Content/Controls/ControlRig_RoundedTriangle_solid.ubulk" 303
"../../../Engine/Plugins/Animation/ControlRig/Content/Controls/ControlRig_RoundedTriangle_solid.uasset" 304
"../../../Engine/Plugins/Animation/ControlRig/Content/Controls/ControlRig_RoundedTriangle_solid.uexp" 305
"../../../Engine/Plugins/Animation/ControlRig/Content/Controls/ControlRig_RoundedTriangle_3mm.ubulk" 306
"../../../Engine/Plugins/Animation/ControlRig/Content/Controls/ControlRig_RoundedTriangle_3mm.uasset" 307
"../../../Engine/Plugins/Animation/ControlRig/Content/Controls/ControlRig_RoundedTriangle_3mm.uexp" 308
"../../../Engine/Plugins/Animation/ControlRig/Content/Controls/ControlRig_RoundedTriangle_1mm.ubulk" 309
"../../../Engine/Plugins/Animation/ControlRig/Content/Controls/ControlRig_RoundedTriangle_1mm.uasset" 310
"../../../Engine/Plugins/Animation/ControlRig/Content/Controls/ControlRig_RoundedTriangle_1mm.uexp" 311
"../../../Engine/Plugins/Animation/ControlRig/Content/Controls/ControlRig_RoundedSquare_solid.ubulk" 312
"../../../Engine/Plugins/Animation/ControlRig/Content/Controls/ControlRig_RoundedSquare_solid.uasset" 313
"../../../Engine/Plugins/Animation/ControlRig/Content/Controls/ControlRig_RoundedSquare_solid.uexp" 314
"../../../Engine/Plugins/Animation/ControlRig/Content/Controls/ControlRig_RoundedSquare_3mm.ubulk" 315
"../../../Engine/Plugins/Animation/ControlRig/Content/Controls/ControlRig_RoundedSquare_3mm.uasset" 316
"../../../Engine/Plugins/Animation/ControlRig/Content/Controls/ControlRig_RoundedSquare_3mm.uexp" 317
"../../../Engine/Plugins/Animation/ControlRig/Content/Controls/ControlRig_RoundedSquare_1mm.ubulk" 318
"../../../Engine/Plugins/Animation/ControlRig/Content/Controls/ControlRig_RoundedSquare_1mm.uasset" 319
"../../../Engine/Plugins/Animation/ControlRig/Content/Controls/ControlRig_RoundedSquare_1mm.uexp" 320
"../../../Engine/Plugins/Animation/ControlRig/Content/Controls/ControlRig_QuarterCircle_solid.ubulk" 321
"../../../Engine/Plugins/Animation/ControlRig/Content/Controls/ControlRig_QuarterCircle_solid.uasset" 322
"../../../Engine/Plugins/Animation/ControlRig/Content/Controls/ControlRig_QuarterCircle_solid.uexp" 323
"../../../Engine/Plugins/Animation/ControlRig/Content/Controls/ControlRig_QuarterCircle_3mm.ubulk" 324
"../../../Engine/Plugins/Animation/ControlRig/Content/Controls/ControlRig_QuarterCircle_3mm.uasset" 325
"../../../Engine/Plugins/Animation/ControlRig/Content/Controls/ControlRig_QuarterCircle_3mm.uexp" 326
"../../../Engine/Plugins/Animation/ControlRig/Content/Controls/ControlRig_QuarterCircle_1mm.ubulk" 327
"../../../Engine/Plugins/Animation/ControlRig/Content/Controls/ControlRig_QuarterCircle_1mm.uasset" 328
"../../../Engine/Plugins/Animation/ControlRig/Content/Controls/ControlRig_QuarterCircle_1mm.uexp" 329
"../../../Engine/Plugins/Animation/ControlRig/Content/Controls/ControlRig_Pyramid_solid.ubulk" 330
"../../../Engine/Plugins/Animation/ControlRig/Content/Controls/ControlRig_Pyramid_solid.uasset" 331
"../../../Engine/Plugins/Animation/ControlRig/Content/Controls/ControlRig_Pyramid_solid.uexp" 332
"../../../Engine/Plugins/Animation/ControlRig/Content/Controls/ControlRig_Pyramid_3mm.ubulk" 333
"../../../Engine/Plugins/Animation/ControlRig/Content/Controls/ControlRig_Pyramid_3mm.uasset" 334
"../../../Engine/Plugins/Animation/ControlRig/Content/Controls/ControlRig_Pyramid_3mm.uexp" 335
"../../../Engine/Plugins/Animation/ControlRig/Content/Controls/ControlRig_Pyramid_1mm.ubulk" 336
"../../../Engine/Plugins/Animation/ControlRig/Content/Controls/ControlRig_Pyramid_1mm.uasset" 337
"../../../Engine/Plugins/Animation/ControlRig/Content/Controls/ControlRig_Pyramid_1mm.uexp" 338
"../../../Engine/Plugins/Animation/ControlRig/Content/Controls/ControlRig_Octagon_solid.ubulk" 339
"../../../Engine/Plugins/Animation/ControlRig/Content/Controls/ControlRig_Octagon_solid.uasset" 340
"../../../Engine/Plugins/Animation/ControlRig/Content/Controls/ControlRig_Octagon_solid.uexp" 341
"../../../Engine/Plugins/Animation/ControlRig/Content/Controls/ControlRig_Octagon_3mm.ubulk" 342
"../../../Engine/Plugins/Animation/ControlRig/Content/Controls/ControlRig_Octagon_3mm.uasset" 343
"../../../Engine/Plugins/Animation/ControlRig/Content/Controls/ControlRig_Octagon_3mm.uexp" 344
"../../../Engine/Plugins/Animation/ControlRig/Content/Controls/ControlRig_Octagon_1mm.ubulk" 345
"../../../Engine/Plugins/Animation/ControlRig/Content/Controls/ControlRig_Octagon_1mm.uasset" 346
"../../../Engine/Plugins/Animation/ControlRig/Content/Controls/ControlRig_Octagon_1mm.uexp" 347
"../../../Engine/Plugins/Animation/ControlRig/Content/Controls/ControlRig_Hexagon_solid.ubulk" 348
"../../../Engine/Plugins/Animation/ControlRig/Content/Controls/ControlRig_Hexagon_solid.uasset" 349
"../../../Engine/Plugins/Animation/ControlRig/Content/Controls/ControlRig_Hexagon_solid.uexp" 350
"../../../Engine/Plugins/Animation/ControlRig/Content/Controls/ControlRig_Hexagon_3mm.ubulk" 351
"../../../Engine/Plugins/Animation/ControlRig/Content/Controls/ControlRig_Hexagon_3mm.uasset" 352
"../../../Engine/Plugins/Animation/ControlRig/Content/Controls/ControlRig_Hexagon_3mm.uexp" 353
"../../../Engine/Plugins/Animation/ControlRig/Content/Controls/ControlRig_Hexagon_1mm.ubulk" 354
"../../../Engine/Plugins/Animation/ControlRig/Content/Controls/ControlRig_Hexagon_1mm.uasset" 355
"../../../Engine/Plugins/Animation/ControlRig/Content/Controls/ControlRig_Hexagon_1mm.uexp" 356
"../../../Engine/Plugins/Animation/ControlRig/Content/Controls/ControlRig_HalfCircle_solid.ubulk" 357
"../../../Engine/Plugins/Animation/ControlRig/Content/Controls/ControlRig_HalfCircle_solid.uasset" 358
"../../../Engine/Plugins/Animation/ControlRig/Content/Controls/ControlRig_HalfCircle_solid.uexp" 359
"../../../Engine/Plugins/Animation/ControlRig/Content/Controls/ControlRig_HalfCircle_3mm.ubulk" 360
"../../../Engine/Plugins/Animation/ControlRig/Content/Controls/ControlRig_HalfCircle_3mm.uasset" 361
"../../../Engine/Plugins/Animation/ControlRig/Content/Controls/ControlRig_HalfCircle_3mm.uexp" 362
"../../../Engine/Plugins/Animation/ControlRig/Content/Controls/ControlRig_HalfCircle_1mm.ubulk" 363
"../../../Engine/Plugins/Animation/ControlRig/Content/Controls/ControlRig_HalfCircle_1mm.uasset" 364
"../../../Engine/Plugins/Animation/ControlRig/Content/Controls/ControlRig_HalfCircle_1mm.uexp" 365
"../../../Engine/Plugins/Animation/ControlRig/Content/Controls/ControlRig_Diamond_solid.ubulk" 366
"../../../Engine/Plugins/Animation/ControlRig/Content/Controls/ControlRig_Diamond_solid.uasset" 367
"../../../Engine/Plugins/Animation/ControlRig/Content/Controls/ControlRig_Diamond_solid.uexp" 368
"../../../Engine/Plugins/Animation/ControlRig/Content/Controls/ControlRig_Diamond_3mm.ubulk" 369
"../../../Engine/Plugins/Animation/ControlRig/Content/Controls/ControlRig_Diamond_3mm.uasset" 370
"../../../Engine/Plugins/Animation/ControlRig/Content/Controls/ControlRig_Diamond_3mm.uexp" 371
"../../../Engine/Plugins/Animation/ControlRig/Content/Controls/ControlRig_Diamond_1mm.ubulk" 372
"../../../Engine/Plugins/Animation/ControlRig/Content/Controls/ControlRig_Diamond_1mm.uasset" 373
"../../../Engine/Plugins/Animation/ControlRig/Content/Controls/ControlRig_Diamond_1mm.uexp" 374
"../../../Engine/Plugins/Animation/ControlRig/Content/Controls/ControlRig_Circle_solid.ubulk" 375
"../../../Engine/Plugins/Animation/ControlRig/Content/Controls/ControlRig_Circle_solid.uasset" 376
"../../../Engine/Plugins/Animation/ControlRig/Content/Controls/ControlRig_Circle_solid.uexp" 377
"../../../Engine/Plugins/Animation/ControlRig/Content/Controls/ControlRig_Circle_3mm.ubulk" 378
"../../../Engine/Plugins/Animation/ControlRig/Content/Controls/ControlRig_Circle_3mm.uasset" 379
"../../../Engine/Plugins/Animation/ControlRig/Content/Controls/ControlRig_Circle_3mm.uexp" 380
"../../../Engine/Plugins/Animation/ControlRig/Content/Controls/ControlRig_Circle_1mm.ubulk" 381
"../../../Engine/Plugins/Animation/ControlRig/Content/Controls/ControlRig_Circle_1mm.uasset" 382
"../../../Engine/Plugins/Animation/ControlRig/Content/Controls/ControlRig_Circle_1mm.uexp" 383
"../../../Engine/Plugins/Animation/ControlRig/Content/Controls/ControlRig_Box_solid.ubulk" 384
"../../../Engine/Plugins/Animation/ControlRig/Content/Controls/ControlRig_Box_solid.uasset" 385
"../../../Engine/Plugins/Animation/ControlRig/Content/Controls/ControlRig_Box_solid.uexp" 386
"../../../Engine/Plugins/Animation/ControlRig/Content/Controls/ControlRig_Box_3mm.ubulk" 387
"../../../Engine/Plugins/Animation/ControlRig/Content/Controls/ControlRig_Box_3mm.uasset" 388
"../../../Engine/Plugins/Animation/ControlRig/Content/Controls/ControlRig_Box_3mm.uexp" 389
"../../../Engine/Plugins/Animation/ControlRig/Content/Controls/ControlRig_Box_1mm.ubulk" 390
"../../../Engine/Plugins/Animation/ControlRig/Content/Controls/ControlRig_Box_1mm.uasset" 391
"../../../Engine/Plugins/Animation/ControlRig/Content/Controls/ControlRig_Box_1mm.uexp" 392
"../../../Engine/Plugins/Animation/ControlRig/Content/Controls/ControlRig_Arrow_solid.ubulk" 393
"../../../Engine/Plugins/Animation/ControlRig/Content/Controls/ControlRig_Arrow_solid.uasset" 394
"../../../Engine/Plugins/Animation/ControlRig/Content/Controls/ControlRig_Arrow_solid.uexp" 395
"../../../Engine/Plugins/Animation/ControlRig/Content/Controls/ControlRig_Arrow_3mm.ubulk" 396
"../../../Engine/Plugins/Animation/ControlRig/Content/Controls/ControlRig_Arrow_3mm.uasset" 397
"../../../Engine/Plugins/Animation/ControlRig/Content/Controls/ControlRig_Arrow_3mm.uexp" 398
"../../../Engine/Plugins/Animation/ControlRig/Content/Controls/ControlRig_Arrow_1mm.ubulk" 399
"../../../Engine/Plugins/Animation/ControlRig/Content/Controls/ControlRig_Arrow_1mm.uasset" 400
"../../../Engine/Plugins/Animation/ControlRig/Content/Controls/ControlRig_Arrow_1mm.uexp" 401
"../../../Engine/Plugins/Animation/ControlRig/Content/Controls/ControlRig_Arrow4_solid.ubulk" 402
"../../../Engine/Plugins/Animation/ControlRig/Content/Controls/ControlRig_Arrow4_solid.uasset" 403
"../../../Engine/Plugins/Animation/ControlRig/Content/Controls/ControlRig_Arrow4_solid.uexp" 404
"../../../Engine/Plugins/Animation/ControlRig/Content/Controls/ControlRig_Arrow4_3mm.ubulk" 405
"../../../Engine/Plugins/Animation/ControlRig/Content/Controls/ControlRig_Arrow4_3mm.uasset" 406
"../../../Engine/Plugins/Animation/ControlRig/Content/Controls/ControlRig_Arrow4_3mm.uexp" 407
"../../../Engine/Plugins/Animation/ControlRig/Content/Controls/ControlRig_Arrow4_1mm.ubulk" 408
"../../../Engine/Plugins/Animation/ControlRig/Content/Controls/ControlRig_Arrow4_1mm.uasset" 409
"../../../Engine/Plugins/Animation/ControlRig/Content/Controls/ControlRig_Arrow4_1mm.uexp" 410
"../../../Engine/Plugins/Animation/ControlRig/Content/Controls/ControlRig_Arrow2_solid.ubulk" 411
"../../../Engine/Plugins/Animation/ControlRig/Content/Controls/ControlRig_Arrow2_solid.uasset" 412
"../../../Engine/Plugins/Animation/ControlRig/Content/Controls/ControlRig_Arrow2_solid.uexp" 413
"../../../Engine/Plugins/Animation/ControlRig/Content/Controls/ControlRig_Arrow2_3mm.ubulk" 414
"../../../Engine/Plugins/Animation/ControlRig/Content/Controls/ControlRig_Arrow2_3mm.uasset" 415
"../../../Engine/Plugins/Animation/ControlRig/Content/Controls/ControlRig_Arrow2_3mm.uexp" 416
"../../../Engine/Plugins/Animation/ControlRig/Content/Controls/ControlRig_Arrow2_1mm.ubulk" 417
"../../../Engine/Plugins/Animation/ControlRig/Content/Controls/ControlRig_Arrow2_1mm.uasset" 418
"../../../Engine/Plugins/Animation/ControlRig/Content/Controls/ControlRig_Arrow2_1mm.uexp" 419
"../../../Engine/Plugins/Animation/ControlRig/Content/Controls/ControlRigXRayMaterial.uasset" 420
"../../../Engine/Plugins/Animation/ControlRig/Content/Controls/ControlRigXRayMaterial.uexp" 421
"../../../Engine/Plugins/Animation/ControlRig/Content/Controls/ControlRigGizmoMaterial.uasset" 422
"../../../Engine/Plugins/Animation/ControlRig/Content/Controls/ControlRigGizmoMaterial.uexp" 423
"../../../Engine/Content/EngineSounds/Master.uasset" 424
"../../../Engine/Content/EngineSounds/Master.uexp" 425
"../../../Engine/Content/EngineResources/WhiteSquareTexture.uasset" 426
"../../../Engine/Content/EngineResources/WhiteSquareTexture.uexp" 427
"../../../Engine/Content/EngineMaterials/Widget3DPassThrough.uasset" 428
"../../../Engine/Content/EngineMaterials/Widget3DPassThrough.uexp" 429
"../../../Engine/Content/EngineMaterials/Widget3DPassThrough_Translucent.uasset" 430
"../../../Engine/Content/EngineMaterials/Widget3DPassThrough_Translucent.uexp" 431
"../../../Engine/Content/EngineMaterials/Widget3DPassThrough_Translucent_OneSided.uasset" 432
"../../../Engine/Content/EngineMaterials/Widget3DPassThrough_Translucent_OneSided.uexp" 433
"../../../Engine/Content/EngineMaterials/Widget3DPassThrough_Opaque.uasset" 434
"../../../Engine/Content/EngineMaterials/Widget3DPassThrough_Opaque.uexp" 435
"../../../Engine/Content/EngineMaterials/Widget3DPassThrough_Opaque_OneSided.uasset" 436
"../../../Engine/Content/EngineMaterials/Widget3DPassThrough_Opaque_OneSided.uexp" 437
"../../../Engine/Content/EngineMaterials/Widget3DPassThrough_Masked_OneSided.uasset" 438
"../../../Engine/Content/EngineMaterials/Widget3DPassThrough_Masked_OneSided.uexp" 439
"../../../Engine/Content/EngineMaterials/Widget3DPassThrough_Masked.uasset" 440
"../../../Engine/Content/EngineMaterials/Widget3DPassThrough_Masked.uexp" 441
"../../../Engine/Content/EngineMaterials/STBlueNoise_vec2_128x128x64.uasset" 442
"../../../Engine/Content/EngineMaterials/STBlueNoise_vec2_128x128x64.uexp" 443
"../../../Engine/Content/EngineMaterials/STBlueNoise_scalar_128x128x64.uasset" 444
"../../../Engine/Content/EngineMaterials/STBlueNoise_scalar_128x128x64.uexp" 445
"../../../Engine/Content/EngineMaterials/RemoveSurfaceMaterial.uasset" 446
"../../../Engine/Content/EngineMaterials/RemoveSurfaceMaterial.uexp" 447
"../../../Engine/Content/EngineMaterials/DefaultCalibrationGrayscale.uasset" 448
"../../../Engine/Content/EngineMaterials/DefaultCalibrationGrayscale.uexp" 449
"../../../Engine/Content/EngineMaterials/PPM_DefaultCalibrationGrayscale.uasset" 450
"../../../Engine/Content/EngineMaterials/PPM_DefaultCalibrationGrayscale.uexp" 451
"../../../Engine/Content/EngineMaterials/DefaultCalibrationColor.uasset" 452
"../../../Engine/Content/EngineMaterials/DefaultCalibrationColor.uexp" 453
"../../../Engine/Content/EngineMaterials/PPM_DefaultCalibrationColor.uasset" 454
"../../../Engine/Content/EngineMaterials/PPM_DefaultCalibrationColor.uexp" 455
"../../../Engine/Content/EngineMaterials/PhAT_JointLimitMaterial.uasset" 456
"../../../Engine/Content/EngineMaterials/PhAT_JointLimitMaterial.uexp" 457
"../../../Engine/Content/EngineMaterials/NaniteHiddenSectionMaterial.uasset" 458
"../../../Engine/Content/EngineMaterials/NaniteHiddenSectionMaterial.uexp" 459
"../../../Engine/Content/EngineMaterials/InvalidLightmapSettings.ubulk" 460
"../../../Engine/Content/EngineMaterials/InvalidLightmapSettings.uasset" 461
"../../../Engine/Content/EngineMaterials/InvalidLightmapSettings.uexp" 462
"../../../Engine/Content/EngineMaterials/M_InvalidLightmapSettings.uasset" 463
"../../../Engine/Content/EngineMaterials/M_InvalidLightmapSettings.uexp" 464
"../../../Engine/Content/EngineMaterials/GizmoMaterial.uasset" 465
"../../../Engine/Content/EngineMaterials/GizmoMaterial.uexp" 466
"../../../Engine/Content/EngineMaterials/BaseFlattenEmissiveMap_VT.uasset" 467
"../../../Engine/Content/EngineMaterials/BaseFlattenEmissiveMap_VT.uexp" 468
"../../../Engine/Content/EngineMaterials/BaseFlattenGrayscaleMap_VT.uasset" 469
"../../../Engine/Content/EngineMaterials/BaseFlattenGrayscaleMap_VT.uexp" 470
"../../../Engine/Content/EngineMaterials/BaseFlattenLinearColor_VT.uasset" 471
"../../../Engine/Content/EngineMaterials/BaseFlattenLinearColor_VT.uexp" 472
"../../../Engine/Content/EngineMaterials/Black_1x1_EXR_Texture_VT.uasset" 473
"../../../Engine/Content/EngineMaterials/Black_1x1_EXR_Texture_VT.uexp" 474
"../../../Engine/Content/EngineMaterials/BaseFlattenDiffuseMap_VT.uasset" 475
"../../../Engine/Content/EngineMaterials/BaseFlattenDiffuseMap_VT.uexp" 476
"../../../Engine/Content/EngineMaterials/BaseFlattenNormalMap_VT.uasset" 477
"../../../Engine/Content/EngineMaterials/BaseFlattenNormalMap_VT.uexp" 478
"../../../Engine/Content/EngineMaterials/FlattenMaterial_WS_Normal_VT.uasset" 479
"../../../Engine/Content/EngineMaterials/FlattenMaterial_WS_Normal_VT.uexp" 480
"../../../Engine/Content/EngineMaterials/FlattenMaterial_VT.uasset" 481
"../../../Engine/Content/EngineMaterials/FlattenMaterial_VT.uexp" 482
"../../../Engine/Content/EngineMaterials/BaseFlattenNormalMap.uasset" 483
"../../../Engine/Content/EngineMaterials/BaseFlattenNormalMap.uexp" 484
"../../../Engine/Content/EngineMaterials/BaseFlattenGrayscaleMap.uasset" 485
"../../../Engine/Content/EngineMaterials/BaseFlattenGrayscaleMap.uexp" 486
"../../../Engine/Content/EngineMaterials/BaseFlattenDiffuseMap.uasset" 487
"../../../Engine/Content/EngineMaterials/BaseFlattenDiffuseMap.uexp" 488
"../../../Engine/Content/Functions/Engine_MaterialFunctions02/PivotPainter2/Black_1x1_EXR_Texture.uasset" 489
"../../../Engine/Content/Functions/Engine_MaterialFunctions02/PivotPainter2/Black_1x1_EXR_Texture.uexp" 490
"../../../Engine/Content/EngineMaterials/BaseFlattenEmissiveMap.uasset" 491
"../../../Engine/Content/EngineMaterials/BaseFlattenEmissiveMap.uexp" 492
"../../../Engine/Content/EngineMaterials/BaseFlattenLinearColor.uasset" 493
"../../../Engine/Content/EngineMaterials/BaseFlattenLinearColor.uexp" 494
"../../../Engine/Content/EngineMaterials/FlattenMaterial.uasset" 495
"../../../Engine/Content/EngineMaterials/FlattenMaterial.uexp" 496
"../../../Engine/Content/EngineMaterials/DefaultWhiteGrid_Low.uasset" 497
"../../../Engine/Content/EngineMaterials/DefaultWhiteGrid_Low.uexp" 498
"../../../Engine/Content/EngineMaterials/EmissiveMeshMaterial.uasset" 499
"../../../Engine/Content/EngineMaterials/EmissiveMeshMaterial.uexp" 500
"../../../Engine/Content/EngineFonts/RobotoDistanceField.uasset" 501
"../../../Engine/Content/EngineFonts/RobotoDistanceField.uexp" 502
"../../../Engine/Content/EngineMaterials/DefaultTextMaterialOpaque.uasset" 503
"../../../Engine/Content/EngineMaterials/DefaultTextMaterialOpaque.uexp" 504
"../../../Engine/Content/EngineMaterials/DefaultDiffuse.ubulk" 505
"../../../Engine/Content/EngineMaterials/DefaultDiffuse.uasset" 506
"../../../Engine/Content/EngineMaterials/DefaultDiffuse.uexp" 507
"../../../Engine/Content/Functions/Engine_MaterialFunctions02/Utility/BreakOutFloat2Components.uasset" 508
"../../../Engine/Content/Functions/Engine_MaterialFunctions02/Utility/BreakOutFloat2Components.uexp" 509
"../../../Engine/Content/EngineMaterials/DefaultPostProcessMaterial.uasset" 510
"../../../Engine/Content/EngineMaterials/DefaultPostProcessMaterial.uexp" 511
"../../../Engine/Content/EngineMaterials/DefaultPhysicalMaterial.uasset" 512
"../../../Engine/Content/EngineMaterials/DefaultPhysicalMaterial.uexp" 513
"../../../Engine/Content/EngineMaterials/DefaultLightFunctionMaterial.uasset" 514
"../../../Engine/Content/EngineMaterials/DefaultLightFunctionMaterial.uexp" 515
"../../../Engine/Content/EngineMaterials/DefaultDestructiblePhysicalMaterial.uasset" 516
"../../../Engine/Content/EngineMaterials/DefaultDestructiblePhysicalMaterial.uexp" 517
"../../../Engine/Content/EngineMaterials/DefaultDeferredDecalMaterial.uasset" 518
"../../../Engine/Content/EngineMaterials/DefaultDeferredDecalMaterial.uexp" 519
"../../../Engine/Content/EngineMaterials/DefaultBloomKernel.uasset" 520
"../../../Engine/Content/EngineMaterials/DefaultBloomKernel.uexp" 521
"../../../Engine/Content/EngineFonts/Faces/RobotoLight.uexp" 522
"../../../Engine/Content/EngineFonts/Faces/RobotoLight.uasset" 523
"../../../Engine/Content/EngineFonts/Faces/RobotoLight.ufont" 524
"../../../Engine/Content/EngineFonts/Faces/RobotoBold.uexp" 525
"../../../Engine/Content/EngineFonts/Faces/RobotoBold.uasset" 526
"../../../Engine/Content/EngineFonts/Faces/RobotoBold.ufont" 527
"../../../Engine/Content/EngineFonts/Faces/RobotoRegular.uexp" 528
"../../../Engine/Content/EngineFonts/Faces/RobotoRegular.uasset" 529
"../../../Engine/Content/EngineFonts/Faces/RobotoRegular.ufont" 530
"../../../Engine/Content/EngineFonts/Faces/DroidSansFallback.uexp" 531
"../../../Engine/Content/EngineFonts/Faces/DroidSansFallback.uasset" 532
"../../../Engine/Content/EngineFonts/Faces/DroidSansFallback.ufont" 533
"../../../Engine/Content/EngineFonts/Faces/RobotoItalic.uexp" 534
"../../../Engine/Content/EngineFonts/Faces/RobotoItalic.uasset" 535
"../../../Engine/Content/EngineFonts/Faces/RobotoItalic.ufont" 536
"../../../Engine/Content/EngineFonts/Faces/RobotoBoldItalic.uexp" 537
"../../../Engine/Content/EngineFonts/Faces/RobotoBoldItalic.uasset" 538
"../../../Engine/Content/EngineFonts/Faces/RobotoBoldItalic.ufont" 539
"../../../Engine/Content/EngineFonts/Roboto.uasset" 540
"../../../Engine/Content/EngineFonts/Roboto.uexp" 541
"../../../Engine/Content/Functions/Engine_MaterialFunctions02/Utility/CameraDirectionVector.uasset" 542
"../../../Engine/Content/Functions/Engine_MaterialFunctions02/Utility/CameraDirectionVector.uexp" 543
"../../../Engine/Content/EngineDebugMaterials/VolumeToRender.uasset" 544
"../../../Engine/Content/EngineDebugMaterials/VolumeToRender.uexp" 545
"../../../Engine/Content/EngineDebugMaterials/M_VolumeRenderSphereTracePP.uasset" 546
"../../../Engine/Content/EngineDebugMaterials/M_VolumeRenderSphereTracePP.uexp" 547
"../../../Engine/Content/EngineDebugMaterials/M_SimpleUnlitTranslucent.uasset" 548
"../../../Engine/Content/EngineDebugMaterials/M_SimpleUnlitTranslucent.uexp" 549
"../../../Engine/Content/EngineDebugMaterials/DebugMeshMaterial.uasset" 550
"../../../Engine/Content/EngineDebugMaterials/DebugMeshMaterial.uexp" 551
"../../../Engine/Content/EngineDebugMaterials/DebugEditorMaterial.uasset" 552
"../../../Engine/Content/EngineDebugMaterials/DebugEditorMaterial.uexp" 553
"../../../Engine/Content/EngineDamageTypes/DmgTypeBP_Environmental.uasset" 554
"../../../Engine/Content/EngineDamageTypes/DmgTypeBP_Environmental.uexp" 555
"../../../Engine/Content/EditorResources/S_Terrain.ubulk" 556
"../../../Engine/Content/EditorResources/S_Terrain.uasset" 557
"../../../Engine/Content/EditorResources/S_Terrain.uexp" 558
"../../../Engine/Content/EditorResources/EmptyActor.uasset" 559
"../../../Engine/Content/EditorResources/EmptyActor.uexp" 560
"../../../Engine/Content/EditorResources/BSPVertex.uasset" 561
"../../../Engine/Content/EditorResources/BSPVertex.uexp" 562
"../../../Engine/Content/EditorMaterials/PreviewShadowIndicator.ubulk" 563
"../../../Engine/Content/EditorMaterials/PreviewShadowIndicator.uasset" 564
"../../../Engine/Content/EditorMaterials/PreviewShadowIndicator.uexp" 565
"../../../Engine/Content/EditorMaterials/PreviewShadowIndicatorMaterial.uasset" 566
"../../../Engine/Content/EditorMaterials/PreviewShadowIndicatorMaterial.uexp" 567
"../../../Engine/Content/EditorMaterials/PhAT_UnselectedMaterial.uasset" 568
"../../../Engine/Content/EditorMaterials/PhAT_UnselectedMaterial.uexp" 569
"../../../Engine/Content/EditorMaterials/PhAT_NoCollisionMaterial.uasset" 570
"../../../Engine/Content/EditorMaterials/PhAT_NoCollisionMaterial.uexp" 571
"../../../Engine/Content/EditorLandscapeResources/DefaultAlphaTexture.uasset" 572
"../../../Engine/Content/EditorLandscapeResources/DefaultAlphaTexture.uexp" 573
"../../../Engine/Content/EditorLandscapeResources/DataLayer.uasset" 574
"../../../Engine/Content/EditorLandscapeResources/DataLayer.uexp" 575
"../../../Engine/Content/BasicShapes/Plane.ubulk" 576
"../../../Engine/Content/BasicShapes/Plane.uasset" 577
"../../../Engine/Content/BasicShapes/Plane.uexp" 578
"../../../Engine/Content/BasicShapes/Cylinder.ubulk" 579
"../../../Engine/Content/BasicShapes/Cylinder.uasset" 580
"../../../Engine/Content/BasicShapes/Cylinder.uexp" 581
"../../../Engine/Content/BasicShapes/Cone.ubulk" 582
"../../../Engine/Content/BasicShapes/Cone.uasset" 583
"../../../Engine/Content/BasicShapes/Cone.uexp" 584
"D:/Unreal/Arcanoid/Content/Content/Meshes/Shape_WideCapsule.ubulk" 585
"D:/Unreal/Arcanoid/Content/Content/Meshes/Shape_WideCapsule.uasset" 586
"D:/Unreal/Arcanoid/Content/Content/Meshes/Shape_WideCapsule.uexp" 587
"D:/Unreal/Arcanoid/Content/Content/Meshes/Shape_Wedge_B.ubulk" 588
"D:/Unreal/Arcanoid/Content/Content/Meshes/Shape_Wedge_B.uasset" 589
"D:/Unreal/Arcanoid/Content/Content/Meshes/Shape_Wedge_B.uexp" 590
"D:/Unreal/Arcanoid/Content/Content/Meshes/Shape_Wedge_A.ubulk" 591
"D:/Unreal/Arcanoid/Content/Content/Meshes/Shape_Wedge_A.uasset" 592
"D:/Unreal/Arcanoid/Content/Content/Meshes/Shape_Wedge_A.uexp" 593
"D:/Unreal/Arcanoid/Content/Content/Meshes/Shape_Tube.ubulk" 594
"D:/Unreal/Arcanoid/Content/Content/Meshes/Shape_Tube.uasset" 595
"D:/Unreal/Arcanoid/Content/Content/Meshes/Shape_Tube.uexp" 596
"D:/Unreal/Arcanoid/Content/Content/Meshes/Shape_TriPyramid.ubulk" 597
"D:/Unreal/Arcanoid/Content/Content/Meshes/Shape_TriPyramid.uasset" 598
"D:/Unreal/Arcanoid/Content/Content/Meshes/Shape_TriPyramid.uexp" 599
"D:/Unreal/Arcanoid/Content/Content/Meshes/Shape_Trim_90_Out.ubulk" 600
"D:/Unreal/Arcanoid/Content/Content/Meshes/Shape_Trim_90_Out.uasset" 601
"D:/Unreal/Arcanoid/Content/Content/Meshes/Shape_Trim_90_Out.uexp" 602
"D:/Unreal/Arcanoid/Content/Content/Meshes/Shape_Trim_90_In.ubulk" 603
"D:/Unreal/Arcanoid/Content/Content/Meshes/Shape_Trim_90_In.uasset" 604
"D:/Unreal/Arcanoid/Content/Content/Meshes/Shape_Trim_90_In.uexp" 605
"D:/Unreal/Arcanoid/Content/Content/Meshes/Shape_Trim.ubulk" 606
"D:/Unreal/Arcanoid/Content/Content/Meshes/Shape_Trim.uasset" 607
"D:/Unreal/Arcanoid/Content/Content/Meshes/Shape_Trim.uexp" 608
"D:/Unreal/Arcanoid/Content/Content/Meshes/Shape_Torus.ubulk" 609
"D:/Unreal/Arcanoid/Content/Content/Meshes/Shape_Torus.uasset" 610
"D:/Unreal/Arcanoid/Content/Content/Meshes/Shape_Torus.uexp" 611
"D:/Unreal/Arcanoid/Content/Content/Meshes/Shape_Sphere.ubulk" 612
"D:/Unreal/Arcanoid/Content/Content/Meshes/Shape_Sphere.uasset" 613
"D:/Unreal/Arcanoid/Content/Content/Meshes/Shape_Sphere.uexp" 614
"D:/Unreal/Arcanoid/Content/Content/Meshes/Shape_QuadPyramid.ubulk" 615
"D:/Unreal/Arcanoid/Content/Content/Meshes/Shape_QuadPyramid.uasset" 616
"D:/Unreal/Arcanoid/Content/Content/Meshes/Shape_QuadPyramid.uexp" 617
"D:/Unreal/Arcanoid/Content/Content/Meshes/Shape_Plane.ubulk" 618
"D:/Unreal/Arcanoid/Content/Content/Meshes/Shape_Plane.uasset" 619
"D:/Unreal/Arcanoid/Content/Content/Meshes/Shape_Plane.uexp" 620
"D:/Unreal/Arcanoid/Content/Content/Meshes/Shape_Pipe_90.ubulk" 621
"D:/Unreal/Arcanoid/Content/Content/Meshes/Shape_Pipe_90.uasset" 622
"D:/Unreal/Arcanoid/Content/Content/Meshes/Shape_Pipe_90.uexp" 623
"D:/Unreal/Arcanoid/Content/Content/Meshes/Shape_Pipe_180.ubulk" 624
"D:/Unreal/Arcanoid/Content/Content/Meshes/Shape_Pipe_180.uasset" 625
"D:/Unreal/Arcanoid/Content/Content/Meshes/Shape_Pipe_180.uexp" 626
"D:/Unreal/Arcanoid/Content/Content/Meshes/Shape_Pipe.ubulk" 627
"D:/Unreal/Arcanoid/Content/Content/Meshes/Shape_Pipe.uasset" 628
"D:/Unreal/Arcanoid/Content/Content/Meshes/Shape_Pipe.uexp" 629
"D:/Unreal/Arcanoid/Content/Content/Meshes/Shape_NarrowCapsule.ubulk" 630
"D:/Unreal/Arcanoid/Content/Content/Meshes/Shape_NarrowCapsule.uasset" 631
"D:/Unreal/Arcanoid/Content/Content/Meshes/Shape_NarrowCapsule.uexp" 632
"D:/Unreal/Arcanoid/Content/Content/Meshes/Shape_Cylinder.ubulk" 633
"D:/Unreal/Arcanoid/Content/Content/Meshes/Shape_Cylinder.uasset" 634
"D:/Unreal/Arcanoid/Content/Content/Meshes/Shape_Cylinder.uexp" 635
"D:/Unreal/Arcanoid/Content/Content/Meshes/Shape_Cone.ubulk" 636
"D:/Unreal/Arcanoid/Content/Content/Meshes/Shape_Cone.uasset" 637
"D:/Unreal/Arcanoid/Content/Content/Meshes/Shape_Cone.uexp" 638
"../../../Engine/Content/MobileResources/HUD/VirtualJoystick_Background.uasset" 639
"../../../Engine/Content/MobileResources/HUD/VirtualJoystick_Background.uexp" 640
"../../../Engine/Content/MobileResources/HUD/VirtualJoystick_Thumb.uasset" 641
"../../../Engine/Content/MobileResources/HUD/VirtualJoystick_Thumb.uexp" 642
"../../../Engine/Content/MobileResources/HUD/DefaultVirtualJoysticks.uasset" 643
"../../../Engine/Content/MobileResources/HUD/DefaultVirtualJoysticks.uexp" 644
"../../../Engine/Content/EngineSky/VolumetricClouds/CloudWeatherTexture.uasset" 645
"../../../Engine/Content/EngineSky/VolumetricClouds/CloudWeatherTexture.uexp" 646
"../../../Engine/Content/Functions/Engine_MaterialFunctions02/Utility/MakeFloat2.uasset" 647
"../../../Engine/Content/Functions/Engine_MaterialFunctions02/Utility/MakeFloat2.uexp" 648
"../../../Engine/Content/EngineSky/VolumetricClouds/CloudGradientTexture.uasset" 649
"../../../Engine/Content/EngineSky/VolumetricClouds/CloudGradientTexture.uexp" 650
"../../../Engine/Content/EngineSky/VolumetricClouds/T_NoiseShape64.ubulk" 651
"../../../Engine/Content/EngineSky/VolumetricClouds/T_NoiseShape64.uasset" 652
"../../../Engine/Content/EngineSky/VolumetricClouds/T_NoiseShape64.uexp" 653
"../../../Engine/Content/EngineSky/VolumetricClouds/T_VolumeNoiseShape64.uasset" 654
"../../../Engine/Content/EngineSky/VolumetricClouds/T_VolumeNoiseShape64.uexp" 655
"../../../Engine/Content/EngineSky/VolumetricClouds/T_NoiseErosion.ubulk" 656
"../../../Engine/Content/EngineSky/VolumetricClouds/T_NoiseErosion.uasset" 657
"../../../Engine/Content/EngineSky/VolumetricClouds/T_NoiseErosion.uexp" 658
"../../../Engine/Content/EngineSky/VolumetricClouds/T_VolumeNoiseErosion32.uasset" 659
"../../../Engine/Content/EngineSky/VolumetricClouds/T_VolumeNoiseErosion32.uexp" 660
"../../../Engine/Content/EngineSky/VolumetricClouds/m_SimpleVolumetricCloud.uasset" 661
"../../../Engine/Content/EngineSky/VolumetricClouds/m_SimpleVolumetricCloud.uexp" 662
"../../../Engine/Content/EngineSky/VolumetricClouds/m_SimpleVolumetricCloud_Inst.uasset" 663
"../../../Engine/Content/EngineSky/VolumetricClouds/m_SimpleVolumetricCloud_Inst.uexp" 664
"../../../Engine/Content/EngineResources/FilmGrains/Marcie_Grain_v3_128_M2_000.uasset" 665
"../../../Engine/Content/EngineResources/FilmGrains/Marcie_Grain_v3_128_M2_000.uexp" 666
"../../../Engine/Content/EditorResources/SequenceRecorder/RecordingIndicator.uasset" 667
"../../../Engine/Content/EditorResources/SequenceRecorder/RecordingIndicator.uexp" 668
"../../../Engine/Content/EditorResources/SequenceRecorder/Countdown.uasset" 669
"../../../Engine/Content/EditorResources/SequenceRecorder/Countdown.uexp" 670
"../../../Engine/Content/EditorResources/LightIcons/S_LightError.uasset" 671
"../../../Engine/Content/EditorResources/LightIcons/S_LightError.uexp" 672
"../../../Engine/Content/Functions/Engine_MaterialFunctions01/Shading/PowerToRoughness.uasset" 673
"../../../Engine/Content/Functions/Engine_MaterialFunctions01/Shading/PowerToRoughness.uexp" 674
"../../../Engine/Content/Functions/Engine_MaterialFunctions01/Shading/ConvertFromDiffSpec.uasset" 675
"../../../Engine/Content/Functions/Engine_MaterialFunctions01/Shading/ConvertFromDiffSpec.uexp" 676
"D:/Unreal/Arcanoid/Content/Untitled_HLOD0_Instancing.uasset" 677
"D:/Unreal/Arcanoid/Content/Untitled_HLOD0_Instancing.uexp" 678
"D:/Unreal/Arcanoid/Content/Untitled.uexp" 679
"D:/Unreal/Arcanoid/Content/Untitled.umap" 680
"D:/Unreal/Arcanoid/Content/Untitled_2.uexp" 681
"D:/Unreal/Arcanoid/Content/Untitled_2.umap" 682
"../../../Engine/Content/Maps/Entry_BuiltData.uasset" 683
"../../../Engine/Content/Maps/Entry_BuiltData.uexp" 684
"../../../Engine/Content/Maps/Entry.uexp" 685
"../../../Engine/Content/Maps/Entry.umap" 686
"D:/Unreal/Arcanoid/Content/Untitled/_Generated_/Untitled_MainGrid_L0_X0_Y0.uexp" 687
"D:/Unreal/Arcanoid/Content/Untitled/_Generated_/Untitled_MainGrid_L0_X0_Y0.umap" 688
"D:/Unreal/Arcanoid/Content/Untitled_2/_Generated_/Untitled_2_MainGrid_L0_X0_Y0.uexp" 689
"D:/Unreal/Arcanoid/Content/Untitled_2/_Generated_/Untitled_2_MainGrid_L0_X0_Y0.umap" 690
